> Task :gradle:checkKotlinGradlePluginConfigurationErrors SKIPPED
> Task :gradle:compileKotlin UP-TO-DATE
> Task :gradle:compileJava NO-SOURCE
> Task :gradle:compileGroovy NO-SOURCE
> Task :gradle:pluginDescriptors UP-TO-DATE
> Task :gradle:processResources UP-TO-DATE
> Task :gradle:classes UP-TO-DATE
> Task :gradle:jar UP-TO-DATE
> Task :clean
> Task :app:externalNativeBuildCleanDebug
> Task :app:externalNativeBuildCleanProfile
> Task :app:externalNativeBuildCleanRelease
> Task :app:clean UP-TO-DATE
> Task :file_picker:clean UP-TO-DATE
> Task :flutter_plugin_android_lifecycle:clean UP-TO-DATE

> Task :llamadart:externalNativeBuildCleanDebug FAILED
Clean ggml-cpu-arm64-v8a, llama-arm64-v8a, ggml-base-arm64-v8a, llama_cpp-arm64-v8a, ggml-arm64-v8a, ggml-vulkan-arm64-v8a, vulkan-shaders-gen-arm64-v8a
C/C++: CMake Warning at /opt/UnitySrc/personal/ocs-test/llamadart/src/native/CMakeLists.txt:63 (message):
C/C++:   llamadart: Vulkan backend ENABLED (Setting GGML_USE_VULKAN globally)
C/C++: CMAKE_BUILD_TYPE=Debug
C/C++: CMake Error at /opt/UnitySrc/personal/ocs-test/llamadart/src/native/llama_cpp/CMakeLists.txt:221 (add_subdirectory):
C/C++:   add_subdirectory given source "common" which is not an existing directory.
C/C++: CMake Error at /opt/UnitySrc/personal/ocs-test/llamadart/src/native/llama_cpp/CMakeLists.txt:223 (add_subdirectory):
C/C++:   add_subdirectory given source "vendor/cpp-httplib" which is not an existing
C/C++:   directory.
C/C++: CMake Error at /opt/UnitySrc/personal/ocs-test/llamadart/src/native/llama_cpp/cmake/license.cmake:38 (message):
C/C++:   Target 'common' does not exist
C/C++: Call Stack (most recent call first):
C/C++:   /opt/UnitySrc/personal/ocs-test/llamadart/src/native/llama_cpp/CMakeLists.txt:251 (license_generate)
C/C++: ninja: error: rebuilding 'build.ninja': subcommand failed

[Incubating] Problems report is available at: file:///opt/UnitySrc/personal/ocs-test/llamadart/example/chat_app/build/reports/problems/problems-report.html

FAILURE: Build failed with an exception.

* What went wrong:
Execution failed for task ':llamadart:externalNativeBuildCleanDebug'.
> com.android.ide.common.process.ProcessException: ninja: Entering directory `/opt/UnitySrc/personal/ocs-test/llamadart/android/.cxx/Debug/2s3y2nj1/arm64-v8a'
  [0/2] Re-checking globbed directories...
  [1/2] Re-running CMake...
  -- llamadart: Found NDK glslc at /Users/jhin.lee/Library/Android/sdk/ndk/29.0.14206865/shader-tools/darwin-x86_64/glslc
  -- llamadart: Found NDK Vulkan lib at /Users/jhin.lee/Library/Android/sdk/ndk/29.0.14206865/toolchains/llvm/prebuilt/darwin-x86_64/sysroot/usr/lib/aarch64-linux-android/29/libvulkan.so
  -- llamadart: Vulkan backend ENABLED for Android
  -- llamadart: Configuring native build for Android...
  -- llamadart: Vulkan enabled by parent/platform (Android detected). Configuring definitions...
  -- llamadart: Creating manual Vulkan::Vulkan target for ggml compatibility
  -- llamadart: Vulkan::Vulkan mapped to /Users/jhin.lee/Library/Android/sdk/ndk/29.0.14206865/toolchains/llvm/prebuilt/darwin-x86_64/sysroot/usr/lib/aarch64-linux-android/29/libvulkan.so
  -- llamadart: CHECKING GGML_VULKAN: ON
  -- Found Git: /usr/bin/git (found version "2.50.1 (Apple Git-155)") 
  -- Setting GGML_NATIVE_DEFAULT to OFF
  -- Warning: ccache not found - consider installing it for faster compilation or disable this warning with GGML_CCACHE=OFF
  -- CMAKE_SYSTEM_PROCESSOR: aarch64
  -- GGML_SYSTEM_ARCH: ARM
  -- Including CPU backend
  -- ARM detected
  -- Checking for ARM features using flags:
  -- Adding CPU backend variant ggml-cpu:  
  -- Vulkan found
  -- GL_KHR_cooperative_matrix not supported by glslc
  -- GL_NV_cooperative_matrix2 not supported by glslc
  -- GL_EXT_integer_dot_product not supported by glslc
  -- GL_EXT_bfloat16 not supported by glslc
  -- vulkan-shaders-gen toolchain file: /opt/UnitySrc/personal/ocs-test/llamadart/android/.cxx/Debug/2s3y2nj1/arm64-v8a/android-host-toolchain.cmake
  -- Including Vulkan backend
  -- ggml version: 0.9.5
  -- ggml commit:  0b51e792e-dirty
  -- Generating embedded license file for target: common
  -- Configuring incomplete, errors occurred!
  See also "/opt/UnitySrc/personal/ocs-test/llamadart/android/.cxx/Debug/2s3y2nj1/arm64-v8a/CMakeFiles/CMakeOutput.log".
  See also "/opt/UnitySrc/personal/ocs-test/llamadart/android/.cxx/Debug/2s3y2nj1/arm64-v8a/CMakeFiles/CMakeError.log".
  FAILED: build.ninja 
  /Users/jhin.lee/Library/Android/sdk/cmake/3.22.1/bin/cmake --regenerate-during-build -S/opt/UnitySrc/personal/ocs-test/llamadart/android -B/opt/UnitySrc/personal/ocs-test/llamadart/android/.cxx/Debug/2s3y2nj1/arm64-v8a
  
  C++ build system [clean] failed while executing:
      /Users/jhin.lee/Library/Android/sdk/cmake/3.22.1/bin/ninja \
        -C \
        /opt/UnitySrc/personal/ocs-test/llamadart/android/.cxx/Debug/2s3y2nj1/arm64-v8a \
        clean
    from /opt/UnitySrc/personal/ocs-test/llamadart/android
  CMake Warning at /opt/UnitySrc/personal/ocs-test/llamadart/src/native/CMakeLists.txt:63 (message):
    llamadart: Vulkan backend ENABLED (Setting GGML_USE_VULKAN globally)
  
  
  CMAKE_BUILD_TYPE=Debug
  CMake Error at /opt/UnitySrc/personal/ocs-test/llamadart/src/native/llama_cpp/CMakeLists.txt:221 (add_subdirectory):
    add_subdirectory given source "common" which is not an existing directory.
  
  
  CMake Error at /opt/UnitySrc/personal/ocs-test/llamadart/src/native/llama_cpp/CMakeLists.txt:223 (add_subdirectory):
    add_subdirectory given source "vendor/cpp-httplib" which is not an existing
    directory.
  
  
  CMake Error at /opt/UnitySrc/personal/ocs-test/llamadart/src/native/llama_cpp/cmake/license.cmake:38 (message):
    Target 'common' does not exist
  Call Stack (most recent call first):
    /opt/UnitySrc/personal/ocs-test/llamadart/src/native/llama_cpp/CMakeLists.txt:251 (license_generate)
  
  
  ninja: error: rebuilding 'build.ninja': subcommand failed

* Try:
> Run with --stacktrace option to get the stack trace.
> Run with --info or --debug option to get more log output.
> Run with --scan to get full insights.
> Get more help at https://help.gradle.org.

Deprecated Gradle features were used in this build, making it incompatible with Gradle 9.0.

You can use '--warning-mode all' to show the individual deprecation warnings and determine if they come from your own scripts or plugins.

For more on this, please refer to https://docs.gradle.org/8.14/userguide/command_line_interface.html#sec:command_line_warnings in the Gradle documentation.

BUILD FAILED in 1s
12 actionable tasks: 5 executed, 7 up-to-date
